# JRE version: OpenJDK Runtime Environment (8.0_242-b01) (build 1.8.0_242-release-1644-b01)
# Java VM: OpenJDK 64-Bit Server VM (25.242-b01 mixed mode windows-amd64 compressed oops)
Heap:
 PSYoungGen      total 599552K, used 532362K [0x00000000d5580000, 0x0000000100000000, 0x0000000100000000)
  eden space 513536K, 90% used [0x00000000d5580000,0x00000000f1917970,0x00000000f4b00000)
  from space 86016K, 81% used [0x00000000faa80000,0x00000000feecb238,0x00000000ffe80000)
  to   space 92672K, 0% used [0x00000000f4b00000,0x00000000f4b00000,0x00000000fa580000)
 ParOldGen       total 346112K, used 93615K [0x0000000080000000, 0x0000000095200000, 0x00000000d5580000)
  object space 346112K, 27% used [0x0000000080000000,0x0000000085b6bca8,0x0000000095200000)
 Metaspace       used 116776K, capacity 124480K, committed 124712K, reserved 1157120K
  class space    used 15004K, capacity 16352K, committed 16432K, reserved 1048576K
GC Heap History (10 events):
Event: 263.905 GC heap before
{Heap before GC invocations=34 (full 4):
 PSYoungGen      total 619520K, used 575071K [0x00000000d5580000, 0x00000000ffb00000, 0x0000000100000000)
  eden space 550400K, 100% used [0x00000000d5580000,0x00000000f6f00000,0x00000000f6f00000)
  from space 69120K, 35% used [0x00000000f6f00000,0x00000000f8717db0,0x00000000fb280000)
  to   space 66048K, 0% used [0x00000000fba80000,0x00000000fba80000,0x00000000ffb00000)
 ParOldGen       total 346112K, used 70123K [0x0000000080000000, 0x0000000095200000, 0x00000000d5580000)
  object space 346112K, 20% used [0x0000000080000000,0x000000008447ae68,0x0000000095200000)
 Metaspace       used 93222K, capacity 97914K, committed 100136K, reserved 1136640K
  class space    used 12220K, capacity 13081K, committed 13616K, reserved 1048576K
Event: 263.969 GC heap after
Heap after GC invocations=34 (full 4):
 PSYoungGen      total 594944K, used 66046K [0x00000000d5580000, 0x0000000100000000, 0x0000000100000000)
  eden space 528896K, 0% used [0x00000000d5580000,0x00000000d5580000,0x00000000f5a00000)
  from space 66048K, 99% used [0x00000000fba80000,0x00000000ffaff828,0x00000000ffb00000)
  to   space 84992K, 0% used [0x00000000f5a00000,0x00000000f5a00000,0x00000000fad00000)
 ParOldGen       total 346112K, used 93583K [0x0000000080000000, 0x0000000095200000, 0x00000000d5580000)
  object space 346112K, 27% used [0x0000000080000000,0x0000000085b63ca8,0x0000000095200000)
 Metaspace       used 93222K, capacity 97914K, committed 100136K, reserved 1136640K
  class space    used 12220K, capacity 13081K, committed 13616K, reserved 1048576K
}
Event: 342.973 GC heap before
{Heap before GC invocations=35 (full 4):
 PSYoungGen      total 594944K, used 594942K [0x00000000d5580000, 0x0000000100000000, 0x0000000100000000)
  eden space 528896K, 100% used [0x00000000d5580000,0x00000000f5a00000,0x00000000f5a00000)
  from space 66048K, 99% used [0x00000000fba80000,0x00000000ffaff828,0x00000000ffb00000)
  to   space 84992K, 0% used [0x00000000f5a00000,0x00000000f5a00000,0x00000000fad00000)
 ParOldGen       total 346112K, used 93583K [0x0000000080000000, 0x0000000095200000, 0x00000000d5580000)
  object space 346112K, 27% used [0x0000000080000000,0x0000000085b63ca8,0x0000000095200000)
 Metaspace       used 94711K, capacity 99802K, committed 101288K, reserved 1136640K
  class space    used 12296K, capacity 13243K, committed 13744K, reserved 1048576K
Event: 343.078 GC heap after
Heap after GC invocations=35 (full 4):
 PSYoungGen      total 581120K, used 51882K [0x00000000d5580000, 0x0000000100000000, 0x0000000100000000)
  eden space 528896K, 0% used [0x00000000d5580000,0x00000000d5580000,0x00000000f5a00000)
  from space 52224K, 99% used [0x00000000f5a00000,0x00000000f8caabf0,0x00000000f8d00000)
  to   space 86528K, 0% used [0x00000000fab80000,0x00000000fab80000,0x0000000100000000)
 ParOldGen       total 346112K, used 93591K [0x0000000080000000, 0x0000000095200000, 0x00000000d5580000)
  object space 346112K, 27% used [0x0000000080000000,0x0000000085b65ca8,0x0000000095200000)
 Metaspace       used 94711K, capacity 99802K, committed 101288K, reserved 1136640K
  class space    used 12296K, capacity 13243K, committed 13744K, reserved 1048576K
}
Event: 1301.121 GC heap before
{Heap before GC invocations=36 (full 4):
 PSYoungGen      total 581120K, used 580778K [0x00000000d5580000, 0x0000000100000000, 0x0000000100000000)
  eden space 528896K, 100% used [0x00000000d5580000,0x00000000f5a00000,0x00000000f5a00000)
  from space 52224K, 99% used [0x00000000f5a00000,0x00000000f8caabf0,0x00000000f8d00000)
  to   space 86528K, 0% used [0x00000000fab80000,0x00000000fab80000,0x0000000100000000)
 ParOldGen       total 346112K, used 93591K [0x0000000080000000, 0x0000000095200000, 0x00000000d5580000)
  object space 346112K, 27% used [0x0000000080000000,0x0000000085b65ca8,0x0000000095200000)
 Metaspace       used 96385K, capacity 102544K, committed 103080K, reserved 1138688K
  class space    used 12488K, capacity 13552K, committed 13744K, reserved 1048576K
Event: 1301.185 GC heap after
Heap after GC invocations=36 (full 4):
 PSYoungGen      total 611328K, used 50988K [0x00000000d5580000, 0x0000000100000000, 0x0000000100000000)
  eden space 524800K, 0% used [0x00000000d5580000,0x00000000d5580000,0x00000000f5600000)
  from space 86528K, 58% used [0x00000000fab80000,0x00000000fdd4b1a0,0x0000000100000000)
  to   space 87040K, 0% used [0x00000000f5600000,0x00000000f5600000,0x00000000fab00000)
 ParOldGen       total 346112K, used 93599K [0x0000000080000000, 0x0000000095200000, 0x00000000d5580000)
  object space 346112K, 27% used [0x0000000080000000,0x0000000085b67ca8,0x0000000095200000)
 Metaspace       used 96385K, capacity 102544K, committed 103080K, reserved 1138688K
  class space    used 12488K, capacity 13552K, committed 13744K, reserved 1048576K
}
Event: 2460.039 GC heap before
{Heap before GC invocations=37 (full 4):
 PSYoungGen      total 611328K, used 575788K [0x00000000d5580000, 0x0000000100000000, 0x0000000100000000)
  eden space 524800K, 100% used [0x00000000d5580000,0x00000000f5600000,0x00000000f5600000)
  from space 86528K, 58% used [0x00000000fab80000,0x00000000fdd4b1a0,0x0000000100000000)
  to   space 87040K, 0% used [0x00000000f5600000,0x00000000f5600000,0x00000000fab00000)
 ParOldGen       total 346112K, used 93599K [0x0000000080000000, 0x0000000095200000, 0x00000000d5580000)
  object space 346112K, 27% used [0x0000000080000000,0x0000000085b67ca8,0x0000000095200000)
 Metaspace       used 98525K, capacity 105070K, committed 105256K, reserved 1140736K
  class space    used 12713K, capacity 13815K, committed 13872K, reserved 1048576K
Event: 2460.124 GC heap after
Heap after GC invocations=37 (full 4):
 PSYoungGen      total 573952K, used 48836K [0x00000000d5580000, 0x00000000ffe80000, 0x0000000100000000)
  eden space 524800K, 0% used [0x00000000d5580000,0x00000000d5580000,0x00000000f5600000)
  from space 49152K, 99% used [0x00000000f5600000,0x00000000f85b1070,0x00000000f8600000)
  to   space 86016K, 0% used [0x00000000faa80000,0x00000000faa80000,0x00000000ffe80000)
 ParOldGen       total 346112K, used 93607K [0x0000000080000000, 0x0000000095200000, 0x00000000d5580000)
  object space 346112K, 27% used [0x0000000080000000,0x0000000085b69ca8,0x0000000095200000)
 Metaspace       used 98525K, capacity 105070K, committed 105256K, reserved 1140736K
  class space    used 12713K, capacity 13815K, committed 13872K, reserved 1048576K
}
Event: 3089.688 GC heap before
{Heap before GC invocations=38 (full 4):
 PSYoungGen      total 573952K, used 573636K [0x00000000d5580000, 0x00000000ffe80000, 0x0000000100000000)
  eden space 524800K, 100% used [0x00000000d5580000,0x00000000f5600000,0x00000000f5600000)
  from space 49152K, 99% used [0x00000000f5600000,0x00000000f85b1070,0x00000000f8600000)
  to   space 86016K, 0% used [0x00000000faa80000,0x00000000faa80000,0x00000000ffe80000)
 ParOldGen       total 346112K, used 93607K [0x0000000080000000, 0x0000000095200000, 0x00000000d5580000)
  object space 346112K, 27% used [0x0000000080000000,0x0000000085b69ca8,0x0000000095200000)
 Metaspace       used 114649K, capacity 122048K, committed 122280K, reserved 1155072K
  class space    used 14780K, capacity 16046K, committed 16048K, reserved 1048576K
Event: 3089.788 GC heap after
Heap after GC invocations=38 (full 4):
 PSYoungGen      total 599552K, used 69932K [0x00000000d5580000, 0x0000000100000000, 0x0000000100000000)
  eden space 513536K, 0% used [0x00000000d5580000,0x00000000d5580000,0x00000000f4b00000)
  from space 86016K, 81% used [0x00000000faa80000,0x00000000feecb238,0x00000000ffe80000)
  to   space 92672K, 0% used [0x00000000f4b00000,0x00000000f4b00000,0x00000000fa580000)
 ParOldGen       total 346112K, used 93615K [0x0000000080000000, 0x0000000095200000, 0x00000000d5580000)
  object space 346112K, 27% used [0x0000000080000000,0x0000000085b6bca8,0x0000000095200000)
 Metaspace       used 114649K, capacity 122048K, committed 122280K, reserved 1155072K
  class space    used 14780K, capacity 16046K, committed 16048K, reserved 1048576K
}

