# JRE version: OpenJDK Runtime Environment (8.0_242-b01) (build 1.8.0_242-release-1644-b01)
# Java VM: OpenJDK 64-Bit Server VM (25.242-b01 mixed mode windows-amd64 compressed oops)
Heap:
 PSYoungGen      total 614400K, used 358806K [0x00000000d5580000, 0x00000000ffa80000, 0x0000000100000000)
  eden space 537600K, 63% used [0x00000000d5580000,0x00000000ea0ab918,0x00000000f6280000)
  from space 76800K, 25% used [0x00000000f6280000,0x00000000f75b9ff0,0x00000000fad80000)
  to   space 73216K, 0% used [0x00000000fb300000,0x00000000fb300000,0x00000000ffa80000)
 ParOldGen       total 349184K, used 239176K [0x0000000080000000, 0x0000000095500000, 0x00000000d5580000)
  object space 349184K, 68% used [0x0000000080000000,0x000000008e992058,0x0000000095500000)
 Metaspace       used 97958K, capacity 103718K, committed 104216K, reserved 1140736K
  class space    used 12631K, capacity 13647K, committed 13872K, reserved 1048576K
GC Heap History (10 events):
Event: 568.405 GC heap before
{Heap before GC invocations=43 (full 4):
 PSYoungGen      total 608256K, used 572636K [0x00000000d5580000, 0x00000000ffd00000, 0x0000000100000000)
  eden space 525824K, 100% used [0x00000000d5580000,0x00000000f5700000,0x00000000f5700000)
  from space 82432K, 56% used [0x00000000fa800000,0x00000000fd5b7208,0x00000000ff880000)
  to   space 82944K, 0% used [0x00000000f5700000,0x00000000f5700000,0x00000000fa800000)
 ParOldGen       total 349184K, used 182927K [0x0000000080000000, 0x0000000095500000, 0x00000000d5580000)
  object space 349184K, 52% used [0x0000000080000000,0x000000008b2a3e98,0x0000000095500000)
 Metaspace       used 97053K, capacity 102386K, committed 103320K, reserved 1138688K
  class space    used 12553K, capacity 13505K, committed 13744K, reserved 1048576K
Event: 568.434 GC heap after
Heap after GC invocations=43 (full 4):
 PSYoungGen      total 608768K, used 10032K [0x00000000d5580000, 0x00000000ffe80000, 0x0000000100000000)
  eden space 525824K, 0% used [0x00000000d5580000,0x00000000d5580000,0x00000000f5700000)
  from space 82944K, 12% used [0x00000000f5700000,0x00000000f60cc1a0,0x00000000fa800000)
  to   space 81920K, 0% used [0x00000000fae80000,0x00000000fae80000,0x00000000ffe80000)
 ParOldGen       total 349184K, used 217727K [0x0000000080000000, 0x0000000095500000, 0x00000000d5580000)
  object space 349184K, 62% used [0x0000000080000000,0x000000008d49ffe0,0x0000000095500000)
 Metaspace       used 97053K, capacity 102386K, committed 103320K, reserved 1138688K
  class space    used 12553K, capacity 13505K, committed 13744K, reserved 1048576K
}
Event: 568.977 GC heap before
{Heap before GC invocations=44 (full 4):
 PSYoungGen      total 608768K, used 535856K [0x00000000d5580000, 0x00000000ffe80000, 0x0000000100000000)
  eden space 525824K, 100% used [0x00000000d5580000,0x00000000f5700000,0x00000000f5700000)
  from space 82944K, 12% used [0x00000000f5700000,0x00000000f60cc1a0,0x00000000fa800000)
  to   space 81920K, 0% used [0x00000000fae80000,0x00000000fae80000,0x00000000ffe80000)
 ParOldGen       total 349184K, used 217727K [0x0000000080000000, 0x0000000095500000, 0x00000000d5580000)
  object space 349184K, 62% used [0x0000000080000000,0x000000008d49ffe0,0x0000000095500000)
 Metaspace       used 97059K, capacity 102390K, committed 103320K, reserved 1138688K
  class space    used 12553K, capacity 13505K, committed 13744K, reserved 1048576K
Event: 568.996 GC heap after
Heap after GC invocations=44 (full 4):
 PSYoungGen      total 615424K, used 5792K [0x00000000d5580000, 0x00000000ffe00000, 0x0000000100000000)
  eden space 534016K, 0% used [0x00000000d5580000,0x00000000d5580000,0x00000000f5f00000)
  from space 81408K, 7% used [0x00000000fae80000,0x00000000fb428000,0x00000000ffe00000)
  to   space 81408K, 0% used [0x00000000f5f00000,0x00000000f5f00000,0x00000000fae80000)
 ParOldGen       total 349184K, used 225414K [0x0000000080000000, 0x0000000095500000, 0x00000000d5580000)
  object space 349184K, 64% used [0x0000000080000000,0x000000008dc21948,0x0000000095500000)
 Metaspace       used 97059K, capacity 102390K, committed 103320K, reserved 1138688K
  class space    used 12553K, capacity 13505K, committed 13744K, reserved 1048576K
}
Event: 570.131 GC heap before
{Heap before GC invocations=45 (full 4):
 PSYoungGen      total 615424K, used 539808K [0x00000000d5580000, 0x00000000ffe00000, 0x0000000100000000)
  eden space 534016K, 100% used [0x00000000d5580000,0x00000000f5f00000,0x00000000f5f00000)
  from space 81408K, 7% used [0x00000000fae80000,0x00000000fb428000,0x00000000ffe00000)
  to   space 81408K, 0% used [0x00000000f5f00000,0x00000000f5f00000,0x00000000fae80000)
 ParOldGen       total 349184K, used 225414K [0x0000000080000000, 0x0000000095500000, 0x00000000d5580000)
  object space 349184K, 64% used [0x0000000080000000,0x000000008dc21948,0x0000000095500000)
 Metaspace       used 97078K, capacity 102422K, committed 103320K, reserved 1138688K
  class space    used 12558K, capacity 13511K, committed 13744K, reserved 1048576K
Event: 570.147 GC heap after
Heap after GC invocations=45 (full 4):
 PSYoungGen      total 615424K, used 7104K [0x00000000d5580000, 0x00000000ffd00000, 0x0000000100000000)
  eden space 534016K, 0% used [0x00000000d5580000,0x00000000d5580000,0x00000000f5f00000)
  from space 81408K, 8% used [0x00000000f5f00000,0x00000000f65f0010,0x00000000fae80000)
  to   space 79872K, 0% used [0x00000000faf00000,0x00000000faf00000,0x00000000ffd00000)
 ParOldGen       total 349184K, used 229382K [0x0000000080000000, 0x0000000095500000, 0x00000000d5580000)
  object space 349184K, 65% used [0x0000000080000000,0x000000008e001868,0x0000000095500000)
 Metaspace       used 97078K, capacity 102422K, committed 103320K, reserved 1138688K
  class space    used 12558K, capacity 13511K, committed 13744K, reserved 1048576K
}
Event: 572.022 GC heap before
{Heap before GC invocations=46 (full 4):
 PSYoungGen      total 615424K, used 541120K [0x00000000d5580000, 0x00000000ffd00000, 0x0000000100000000)
  eden space 534016K, 100% used [0x00000000d5580000,0x00000000f5f00000,0x00000000f5f00000)
  from space 81408K, 8% used [0x00000000f5f00000,0x00000000f65f0010,0x00000000fae80000)
  to   space 79872K, 0% used [0x00000000faf00000,0x00000000faf00000,0x00000000ffd00000)
 ParOldGen       total 349184K, used 229382K [0x0000000080000000, 0x0000000095500000, 0x00000000d5580000)
  object space 349184K, 65% used [0x0000000080000000,0x000000008e001868,0x0000000095500000)
 Metaspace       used 97159K, capacity 102552K, committed 103320K, reserved 1138688K
  class space    used 12564K, capacity 13522K, committed 13744K, reserved 1048576K
Event: 572.053 GC heap after
Heap after GC invocations=46 (full 4):
 PSYoungGen      total 612864K, used 32002K [0x00000000d5580000, 0x00000000ff880000, 0x0000000100000000)
  eden space 537600K, 0% used [0x00000000d5580000,0x00000000d5580000,0x00000000f6280000)
  from space 75264K, 42% used [0x00000000faf00000,0x00000000fce40948,0x00000000ff880000)
  to   space 76800K, 0% used [0x00000000f6280000,0x00000000f6280000,0x00000000fad80000)
 ParOldGen       total 349184K, used 234024K [0x0000000080000000, 0x0000000095500000, 0x00000000d5580000)
  object space 349184K, 67% used [0x0000000080000000,0x000000008e48a298,0x0000000095500000)
 Metaspace       used 97159K, capacity 102552K, committed 103320K, reserved 1138688K
  class space    used 12564K, capacity 13522K, committed 13744K, reserved 1048576K
}
Event: 575.037 GC heap before
{Heap before GC invocations=47 (full 4):
 PSYoungGen      total 612864K, used 568859K [0x00000000d5580000, 0x00000000ff880000, 0x0000000100000000)
  eden space 537600K, 99% used [0x00000000d5580000,0x00000000f61c6300,0x00000000f6280000)
  from space 75264K, 42% used [0x00000000faf00000,0x00000000fce40948,0x00000000ff880000)
  to   space 76800K, 0% used [0x00000000f6280000,0x00000000f6280000,0x00000000fad80000)
 ParOldGen       total 349184K, used 234024K [0x0000000080000000, 0x0000000095500000, 0x00000000d5580000)
  object space 349184K, 67% used [0x0000000080000000,0x000000008e48a298,0x0000000095500000)
 Metaspace       used 97638K, capacity 103166K, committed 103960K, reserved 1138688K
  class space    used 12603K, capacity 13601K, committed 13872K, reserved 1048576K
Event: 575.059 GC heap after
Heap after GC invocations=47 (full 4):
 PSYoungGen      total 614400K, used 19687K [0x00000000d5580000, 0x00000000ffa80000, 0x0000000100000000)
  eden space 537600K, 0% used [0x00000000d5580000,0x00000000d5580000,0x00000000f6280000)
  from space 76800K, 25% used [0x00000000f6280000,0x00000000f75b9ff0,0x00000000fad80000)
  to   space 73216K, 0% used [0x00000000fb300000,0x00000000fb300000,0x00000000ffa80000)
 ParOldGen       total 349184K, used 239176K [0x0000000080000000, 0x0000000095500000, 0x00000000d5580000)
  object space 349184K, 68% used [0x0000000080000000,0x000000008e992058,0x0000000095500000)
 Metaspace       used 97638K, capacity 103166K, committed 103960K, reserved 1138688K
  class space    used 12603K, capacity 13601K, committed 13872K, reserved 1048576K
}

