# JRE version: OpenJDK Runtime Environment (8.0_242-b01) (build 1.8.0_242-release-1644-b01)
# Java VM: OpenJDK 64-Bit Server VM (25.242-b01 mixed mode windows-amd64 compressed oops)
Heap:
 PSYoungGen      total 647680K, used 536419K [0x00000000d5580000, 0x0000000100000000, 0x0000000100000000)
  eden space 601088K, 84% used [0x00000000d5580000,0x00000000f477ba10,0x00000000fa080000)
  from space 46592K, 56% used [0x00000000fa080000,0x00000000fba5d340,0x00000000fce00000)
  to   space 47616K, 0% used [0x00000000fd180000,0x00000000fd180000,0x0000000100000000)
 ParOldGen       total 311808K, used 139716K [0x0000000080000000, 0x0000000093080000, 0x00000000d5580000)
  object space 311808K, 44% used [0x0000000080000000,0x00000000888713e0,0x0000000093080000)
 Metaspace       used 120802K, capacity 128314K, committed 128472K, reserved 1161216K
  class space    used 15630K, capacity 17137K, committed 17152K, reserved 1048576K
GC Heap History (10 events):
Event: 126.396 GC heap before
{Heap before GC invocations=29 (full 4):
 PSYoungGen      total 640512K, used 592928K [0x00000000d5580000, 0x00000000ffd80000, 0x0000000100000000)
  eden space 588288K, 100% used [0x00000000d5580000,0x00000000f9400000,0x00000000f9400000)
  from space 52224K, 8% used [0x00000000fc700000,0x00000000fcb88000,0x00000000ffa00000)
  to   space 52224K, 0% used [0x00000000f9400000,0x00000000f9400000,0x00000000fc700000)
 ParOldGen       total 311808K, used 119903K [0x0000000080000000, 0x0000000093080000, 0x00000000d5580000)
  object space 311808K, 38% used [0x0000000080000000,0x0000000087517ca0,0x0000000093080000)
 Metaspace       used 111166K, capacity 117392K, committed 117464K, reserved 1150976K
  class space    used 14590K, capacity 15816K, committed 15872K, reserved 1048576K
Event: 126.417 GC heap after
Heap after GC invocations=29 (full 4):
 PSYoungGen      total 640512K, used 7488K [0x00000000d5580000, 0x00000000ffe00000, 0x0000000100000000)
  eden space 588288K, 0% used [0x00000000d5580000,0x00000000d5580000,0x00000000f9400000)
  from space 52224K, 14% used [0x00000000f9400000,0x00000000f9b50000,0x00000000fc700000)
  to   space 51200K, 0% used [0x00000000fcc00000,0x00000000fcc00000,0x00000000ffe00000)
 ParOldGen       total 311808K, used 123830K [0x0000000080000000, 0x0000000093080000, 0x00000000d5580000)
  object space 311808K, 39% used [0x0000000080000000,0x00000000878ed9b0,0x0000000093080000)
 Metaspace       used 111166K, capacity 117392K, committed 117464K, reserved 1150976K
  class space    used 14590K, capacity 15816K, committed 15872K, reserved 1048576K
}
Event: 127.825 GC heap before
{Heap before GC invocations=30 (full 4):
 PSYoungGen      total 640512K, used 595776K [0x00000000d5580000, 0x00000000ffe00000, 0x0000000100000000)
  eden space 588288K, 100% used [0x00000000d5580000,0x00000000f9400000,0x00000000f9400000)
  from space 52224K, 14% used [0x00000000f9400000,0x00000000f9b50000,0x00000000fc700000)
  to   space 51200K, 0% used [0x00000000fcc00000,0x00000000fcc00000,0x00000000ffe00000)
 ParOldGen       total 311808K, used 123830K [0x0000000080000000, 0x0000000093080000, 0x00000000d5580000)
  object space 311808K, 39% used [0x0000000080000000,0x00000000878ed9b0,0x0000000093080000)
 Metaspace       used 111197K, capacity 117396K, committed 117464K, reserved 1150976K
  class space    used 14591K, capacity 15816K, committed 15872K, reserved 1048576K
Event: 127.862 GC heap after
Heap after GC invocations=30 (full 4):
 PSYoungGen      total 644608K, used 6880K [0x00000000d5580000, 0x00000000ffc00000, 0x0000000100000000)
  eden space 595456K, 0% used [0x00000000d5580000,0x00000000d5580000,0x00000000f9b00000)
  from space 49152K, 13% used [0x00000000fcc00000,0x00000000fd2b8000,0x00000000ffc00000)
  to   space 49664K, 0% used [0x00000000f9b00000,0x00000000f9b00000,0x00000000fcb80000)
 ParOldGen       total 311808K, used 130146K [0x0000000080000000, 0x0000000093080000, 0x00000000d5580000)
  object space 311808K, 41% used [0x0000000080000000,0x0000000087f18a00,0x0000000093080000)
 Metaspace       used 111197K, capacity 117396K, committed 117464K, reserved 1150976K
  class space    used 14591K, capacity 15816K, committed 15872K, reserved 1048576K
}
Event: 130.578 GC heap before
{Heap before GC invocations=31 (full 4):
 PSYoungGen      total 644608K, used 602336K [0x00000000d5580000, 0x00000000ffc00000, 0x0000000100000000)
  eden space 595456K, 100% used [0x00000000d5580000,0x00000000f9b00000,0x00000000f9b00000)
  from space 49152K, 13% used [0x00000000fcc00000,0x00000000fd2b8000,0x00000000ffc00000)
  to   space 49664K, 0% used [0x00000000f9b00000,0x00000000f9b00000,0x00000000fcb80000)
 ParOldGen       total 311808K, used 130146K [0x0000000080000000, 0x0000000093080000, 0x00000000d5580000)
  object space 311808K, 41% used [0x0000000080000000,0x0000000087f18a00,0x0000000093080000)
 Metaspace       used 111275K, capacity 117470K, committed 117720K, reserved 1150976K
  class space    used 14592K, capacity 15817K, committed 15872K, reserved 1048576K
Event: 130.603 GC heap after
Heap after GC invocations=31 (full 4):
 PSYoungGen      total 645120K, used 6931K [0x00000000d5580000, 0x00000000ffd80000, 0x0000000100000000)
  eden space 595456K, 0% used [0x00000000d5580000,0x00000000d5580000,0x00000000f9b00000)
  from space 49664K, 13% used [0x00000000f9b00000,0x00000000fa1c4da8,0x00000000fcb80000)
  to   space 48128K, 0% used [0x00000000fce80000,0x00000000fce80000,0x00000000ffd80000)
 ParOldGen       total 311808K, used 134009K [0x0000000080000000, 0x0000000093080000, 0x00000000d5580000)
  object space 311808K, 42% used [0x0000000080000000,0x00000000882de540,0x0000000093080000)
 Metaspace       used 111275K, capacity 117470K, committed 117720K, reserved 1150976K
  class space    used 14592K, capacity 15817K, committed 15872K, reserved 1048576K
}
Event: 371.854 GC heap before
{Heap before GC invocations=32 (full 4):
 PSYoungGen      total 645120K, used 602387K [0x00000000d5580000, 0x00000000ffd80000, 0x0000000100000000)
  eden space 595456K, 100% used [0x00000000d5580000,0x00000000f9b00000,0x00000000f9b00000)
  from space 49664K, 13% used [0x00000000f9b00000,0x00000000fa1c4da8,0x00000000fcb80000)
  to   space 48128K, 0% used [0x00000000fce80000,0x00000000fce80000,0x00000000ffd80000)
 ParOldGen       total 311808K, used 134009K [0x0000000080000000, 0x0000000093080000, 0x00000000d5580000)
  object space 311808K, 42% used [0x0000000080000000,0x00000000882de540,0x0000000093080000)
 Metaspace       used 113748K, capacity 120502K, committed 120664K, reserved 1153024K
  class space    used 14877K, capacity 16172K, committed 16256K, reserved 1048576K
Event: 371.876 GC heap after
Heap after GC invocations=32 (full 4):
 PSYoungGen      total 647168K, used 9069K [0x00000000d5580000, 0x00000000ffb80000, 0x0000000100000000)
  eden space 601088K, 0% used [0x00000000d5580000,0x00000000d5580000,0x00000000fa080000)
  from space 46080K, 19% used [0x00000000fce80000,0x00000000fd75b6a0,0x00000000ffb80000)
  to   space 46592K, 0% used [0x00000000fa080000,0x00000000fa080000,0x00000000fce00000)
 ParOldGen       total 311808K, used 136883K [0x0000000080000000, 0x0000000093080000, 0x00000000d5580000)
  object space 311808K, 43% used [0x0000000080000000,0x00000000885ace90,0x0000000093080000)
 Metaspace       used 113748K, capacity 120502K, committed 120664K, reserved 1153024K
  class space    used 14877K, capacity 16172K, committed 16256K, reserved 1048576K
}
Event: 434.939 GC heap before
{Heap before GC invocations=33 (full 4):
 PSYoungGen      total 647168K, used 610157K [0x00000000d5580000, 0x00000000ffb80000, 0x0000000100000000)
  eden space 601088K, 100% used [0x00000000d5580000,0x00000000fa080000,0x00000000fa080000)
  from space 46080K, 19% used [0x00000000fce80000,0x00000000fd75b6a0,0x00000000ffb80000)
  to   space 46592K, 0% used [0x00000000fa080000,0x00000000fa080000,0x00000000fce00000)
 ParOldGen       total 311808K, used 136883K [0x0000000080000000, 0x0000000093080000, 0x00000000d5580000)
  object space 311808K, 43% used [0x0000000080000000,0x00000000885ace90,0x0000000093080000)
 Metaspace       used 120259K, capacity 127690K, committed 127960K, reserved 1161216K
  class space    used 15595K, capacity 17045K, committed 17152K, reserved 1048576K
Event: 434.964 GC heap after
Heap after GC invocations=33 (full 4):
 PSYoungGen      total 647680K, used 26484K [0x00000000d5580000, 0x0000000100000000, 0x0000000100000000)
  eden space 601088K, 0% used [0x00000000d5580000,0x00000000d5580000,0x00000000fa080000)
  from space 46592K, 56% used [0x00000000fa080000,0x00000000fba5d340,0x00000000fce00000)
  to   space 47616K, 0% used [0x00000000fd180000,0x00000000fd180000,0x0000000100000000)
 ParOldGen       total 311808K, used 139716K [0x0000000080000000, 0x0000000093080000, 0x00000000d5580000)
  object space 311808K, 44% used [0x0000000080000000,0x00000000888713e0,0x0000000093080000)
 Metaspace       used 120259K, capacity 127690K, committed 127960K, reserved 1161216K
  class space    used 15595K, capacity 17045K, committed 17152K, reserved 1048576K
}

