# JRE version: OpenJDK Runtime Environment (8.0_242-b01) (build 1.8.0_242-release-1644-b01)
# Java VM: OpenJDK 64-Bit Server VM (25.242-b01 mixed mode windows-amd64 compressed oops)
Heap:
 PSYoungGen      total 352256K, used 221771K [0x00000000d5580000, 0x00000000ef080000, 0x0000000100000000)
  eden space 295936K, 62% used [0x00000000d5580000,0x00000000e0aa5268,0x00000000e7680000)
  from space 56320K, 64% used [0x00000000eb980000,0x00000000edceda00,0x00000000ef080000)
  to   space 62464K, 0% used [0x00000000e7680000,0x00000000e7680000,0x00000000eb380000)
 ParOldGen       total 350720K, used 55334K [0x0000000080000000, 0x0000000095680000, 0x00000000d5580000)
  object space 350720K, 15% used [0x0000000080000000,0x0000000083609890,0x0000000095680000)
 Metaspace       used 110652K, capacity 116736K, committed 117016K, reserved 1150976K
  class space    used 14573K, capacity 15780K, committed 15920K, reserved 1048576K
GC Heap History (10 events):
Event: 229.101 GC heap before
{Heap before GC invocations=22 (full 4):
 PSYoungGen      total 305152K, used 45859K [0x00000000d5580000, 0x00000000ec800000, 0x0000000100000000)
  eden space 237056K, 0% used [0x00000000d5580000,0x00000000d5580000,0x00000000e3d00000)
  from space 68096K, 67% used [0x00000000e8580000,0x00000000eb248f30,0x00000000ec800000)
  to   space 71168K, 0% used [0x00000000e3d00000,0x00000000e3d00000,0x00000000e8280000)
 ParOldGen       total 233984K, used 113369K [0x0000000080000000, 0x000000008e480000, 0x00000000d5580000)
  object space 233984K, 48% used [0x0000000080000000,0x0000000086eb6558,0x000000008e480000)
 Metaspace       used 92194K, capacity 98478K, committed 98584K, reserved 1134592K
  class space    used 12433K, capacity 13569K, committed 13616K, reserved 1048576K
Event: 229.449 GC heap after
Heap after GC invocations=22 (full 4):
 PSYoungGen      total 305152K, used 0K [0x00000000d5580000, 0x00000000ec800000, 0x0000000100000000)
  eden space 237056K, 0% used [0x00000000d5580000,0x00000000d5580000,0x00000000e3d00000)
  from space 68096K, 0% used [0x00000000e8580000,0x00000000e8580000,0x00000000ec800000)
  to   space 71168K, 0% used [0x00000000e3d00000,0x00000000e3d00000,0x00000000e8280000)
 ParOldGen       total 350720K, used 55302K [0x0000000080000000, 0x0000000095680000, 0x00000000d5580000)
  object space 350720K, 15% used [0x0000000080000000,0x0000000083601890,0x0000000095680000)
 Metaspace       used 91280K, capacity 96140K, committed 98584K, reserved 1134592K
  class space    used 12114K, capacity 13004K, committed 13616K, reserved 1048576K
}
Event: 237.225 GC heap before
{Heap before GC invocations=23 (full 4):
 PSYoungGen      total 305152K, used 237041K [0x00000000d5580000, 0x00000000ec800000, 0x0000000100000000)
  eden space 237056K, 99% used [0x00000000d5580000,0x00000000e3cfc450,0x00000000e3d00000)
  from space 68096K, 0% used [0x00000000e8580000,0x00000000e8580000,0x00000000ec800000)
  to   space 71168K, 0% used [0x00000000e3d00000,0x00000000e3d00000,0x00000000e8280000)
 ParOldGen       total 350720K, used 55302K [0x0000000080000000, 0x0000000095680000, 0x00000000d5580000)
  object space 350720K, 15% used [0x0000000080000000,0x0000000083601890,0x0000000095680000)
 Metaspace       used 105387K, capacity 110662K, committed 112408K, reserved 1146880K
  class space    used 13936K, capacity 14919K, committed 15408K, reserved 1048576K
Event: 237.280 GC heap after
Heap after GC invocations=23 (full 4):
 PSYoungGen      total 308224K, used 23453K [0x00000000d5580000, 0x00000000ee100000, 0x0000000100000000)
  eden space 237056K, 0% used [0x00000000d5580000,0x00000000d5580000,0x00000000e3d00000)
  from space 71168K, 32% used [0x00000000e3d00000,0x00000000e53e74c0,0x00000000e8280000)
  to   space 68608K, 0% used [0x00000000e9e00000,0x00000000e9e00000,0x00000000ee100000)
 ParOldGen       total 350720K, used 55310K [0x0000000080000000, 0x0000000095680000, 0x00000000d5580000)
  object space 350720K, 15% used [0x0000000080000000,0x0000000083603890,0x0000000095680000)
 Metaspace       used 105387K, capacity 110662K, committed 112408K, reserved 1146880K
  class space    used 13936K, capacity 14919K, committed 15408K, reserved 1048576K
}
Event: 241.947 GC heap before
{Heap before GC invocations=24 (full 4):
 PSYoungGen      total 308224K, used 260509K [0x00000000d5580000, 0x00000000ee100000, 0x0000000100000000)
  eden space 237056K, 100% used [0x00000000d5580000,0x00000000e3d00000,0x00000000e3d00000)
  from space 71168K, 32% used [0x00000000e3d00000,0x00000000e53e74c0,0x00000000e8280000)
  to   space 68608K, 0% used [0x00000000e9e00000,0x00000000e9e00000,0x00000000ee100000)
 ParOldGen       total 350720K, used 55310K [0x0000000080000000, 0x0000000095680000, 0x00000000d5580000)
  object space 350720K, 15% used [0x0000000080000000,0x0000000083603890,0x0000000095680000)
 Metaspace       used 106282K, capacity 111670K, committed 113304K, reserved 1146880K
  class space    used 14009K, capacity 15005K, committed 15536K, reserved 1048576K
Event: 241.981 GC heap after
Heap after GC invocations=24 (full 4):
 PSYoungGen      total 325120K, used 25052K [0x00000000d5580000, 0x00000000ed800000, 0x0000000100000000)
  eden space 265728K, 0% used [0x00000000d5580000,0x00000000d5580000,0x00000000e5900000)
  from space 59392K, 42% used [0x00000000e9e00000,0x00000000eb6770d8,0x00000000ed800000)
  to   space 65024K, 0% used [0x00000000e5900000,0x00000000e5900000,0x00000000e9880000)
 ParOldGen       total 350720K, used 55318K [0x0000000080000000, 0x0000000095680000, 0x00000000d5580000)
  object space 350720K, 15% used [0x0000000080000000,0x0000000083605890,0x0000000095680000)
 Metaspace       used 106282K, capacity 111670K, committed 113304K, reserved 1146880K
  class space    used 14009K, capacity 15005K, committed 15536K, reserved 1048576K
}
Event: 243.764 GC heap before
{Heap before GC invocations=25 (full 4):
 PSYoungGen      total 325120K, used 290780K [0x00000000d5580000, 0x00000000ed800000, 0x0000000100000000)
  eden space 265728K, 100% used [0x00000000d5580000,0x00000000e5900000,0x00000000e5900000)
  from space 59392K, 42% used [0x00000000e9e00000,0x00000000eb6770d8,0x00000000ed800000)
  to   space 65024K, 0% used [0x00000000e5900000,0x00000000e5900000,0x00000000e9880000)
 ParOldGen       total 350720K, used 55318K [0x0000000080000000, 0x0000000095680000, 0x00000000d5580000)
  object space 350720K, 15% used [0x0000000080000000,0x0000000083605890,0x0000000095680000)
 Metaspace       used 107547K, capacity 113088K, committed 114456K, reserved 1148928K
  class space    used 14204K, capacity 15294K, committed 15664K, reserved 1048576K
Event: 243.798 GC heap after
Heap after GC invocations=25 (full 4):
 PSYoungGen      total 330752K, used 21681K [0x00000000d5580000, 0x00000000ef700000, 0x0000000100000000)
  eden space 265728K, 0% used [0x00000000d5580000,0x00000000d5580000,0x00000000e5900000)
  from space 65024K, 33% used [0x00000000e5900000,0x00000000e6e2c778,0x00000000e9880000)
  to   space 62976K, 0% used [0x00000000eb980000,0x00000000eb980000,0x00000000ef700000)
 ParOldGen       total 350720K, used 55326K [0x0000000080000000, 0x0000000095680000, 0x00000000d5580000)
  object space 350720K, 15% used [0x0000000080000000,0x0000000083607890,0x0000000095680000)
 Metaspace       used 107547K, capacity 113088K, committed 114456K, reserved 1148928K
  class space    used 14204K, capacity 15294K, committed 15664K, reserved 1048576K
}
Event: 264.973 GC heap before
{Heap before GC invocations=26 (full 4):
 PSYoungGen      total 330752K, used 287409K [0x00000000d5580000, 0x00000000ef700000, 0x0000000100000000)
  eden space 265728K, 100% used [0x00000000d5580000,0x00000000e5900000,0x00000000e5900000)
  from space 65024K, 33% used [0x00000000e5900000,0x00000000e6e2c778,0x00000000e9880000)
  to   space 62976K, 0% used [0x00000000eb980000,0x00000000eb980000,0x00000000ef700000)
 ParOldGen       total 350720K, used 55326K [0x0000000080000000, 0x0000000095680000, 0x00000000d5580000)
  object space 350720K, 15% used [0x0000000080000000,0x0000000083607890,0x0000000095680000)
 Metaspace       used 110127K, capacity 116054K, committed 116760K, reserved 1150976K
  class space    used 14513K, capacity 15683K, committed 15920K, reserved 1048576K
Event: 265.005 GC heap after
Heap after GC invocations=26 (full 4):
 PSYoungGen      total 352256K, used 36278K [0x00000000d5580000, 0x00000000ef080000, 0x0000000100000000)
  eden space 295936K, 0% used [0x00000000d5580000,0x00000000d5580000,0x00000000e7680000)
  from space 56320K, 64% used [0x00000000eb980000,0x00000000edceda00,0x00000000ef080000)
  to   space 62464K, 0% used [0x00000000e7680000,0x00000000e7680000,0x00000000eb380000)
 ParOldGen       total 350720K, used 55334K [0x0000000080000000, 0x0000000095680000, 0x00000000d5580000)
  object space 350720K, 15% used [0x0000000080000000,0x0000000083609890,0x0000000095680000)
 Metaspace       used 110127K, capacity 116054K, committed 116760K, reserved 1150976K
  class space    used 14513K, capacity 15683K, committed 15920K, reserved 1048576K
}

